<?xml version="1.0" encoding="UTF-8"?>
<!-- Generated by org.testng.reporters.JUnitReportReporter -->
<testsuite skipped="0" hostname="Divyas-MacBook-Air.local" name="dsapractice.twopointers.LC151_ReverseWordString" tests="1" failures="0" timestamp="2024-02-19T09:14:58 CET" time="0.009" errors="0">
  <testcase name="test1" time="0.009" classname="dsapractice.twopointers.LC151_ReverseWordString"/>
  <system-out/>
</testsuite> <!-- dsapractice.twopointers.LC151_ReverseWordString -->
