<?xml version="1.0" encoding="UTF-8"?>
<!-- Generated by org.testng.reporters.JUnitReportReporter -->
<testsuite skipped="0" hostname="Divyas-MacBook-Air.local" name="dsapractice.Stack.LC739_DailyTemperature" tests="1" failures="0" timestamp="2024-01-31T15:10:40 CET" time="0.009" errors="0">
  <testcase name="test1" time="0.009" classname="dsapractice.Stack.LC739_DailyTemperature"/>
  <system-out/>
</testsuite> <!-- dsapractice.Stack.LC739_DailyTemperature -->
