<?xml version="1.0" encoding="UTF-8"?>
<!-- Generated by org.testng.reporters.JUnitReportReporter -->
<testsuite skipped="0" hostname="Divyas-MacBook-Air.local" name="dsapractice.BinarySearch.LC2485_FindPivotInteger" tests="1" failures="0" timestamp="2024-03-13T07:48:27 CET" time="0.010" errors="0">
  <testcase name="test" time="0.010" classname="dsapractice.BinarySearch.LC2485_FindPivotInteger"/>
  <system-out/>
</testsuite> <!-- dsapractice.BinarySearch.LC2485_FindPivotInteger -->
