<?xml version="1.0" encoding="UTF-8"?>
<!-- Generated by org.testng.reporters.JUnitReportReporter -->
<testsuite skipped="0" hostname="Divyas-MacBook-Air.local" name="dsapractice.twopointers.LC_2108_FirstPAralindromeinArray" tests="1" failures="0" timestamp="2024-02-13T14:58:48 CET" time="0.010" errors="0">
  <testcase name="test1" time="0.010" classname="dsapractice.twopointers.LC_2108_FirstPAralindromeinArray"/>
  <system-out/>
</testsuite> <!-- dsapractice.twopointers.LC_2108_FirstPAralindromeinArray -->
