<?xml version="1.0" encoding="UTF-8"?>
<!-- Generated by org.testng.reporters.JUnitReportReporter -->
<testsuite skipped="0" hostname="Divyas-MacBook-Air.local" name="dsapractice.twopointers.LC3_LongestSubstringWithoutRepeat" tests="1" failures="0" timestamp="2024-02-19T16:20:04 CET" time="0.010" errors="0">
  <testcase name="test1" time="0.010" classname="dsapractice.twopointers.LC3_LongestSubstringWithoutRepeat"/>
  <system-out/>
</testsuite> <!-- dsapractice.twopointers.LC3_LongestSubstringWithoutRepeat -->
